---------- Date: 2015-03-23 07:09:19 ~ IP : 115.78.164.113 ----------
REQUEST URI : /bo-san-pham-trong-dau-tay-treo
MOD DETAILS:
   modFile   : /home/internet47/domains/muaban.internet47.net/public_html/vqmod/xml/vqmod_facebook_open_graph_tags.xml
   id        : Facebook Open Graph Tags
   version   : 1.0
   vqmver    : 2.3.2
   author    : MojeGalanterka.cz

File Name    : catalog/controller/common/header.php(0)
VQModObject::applyMod - SEARCH NOT FOUND (ABORTING MOD): $data['text_home'] = $language->get('text_home');
----------------------------------------------------------------------


---------- Date: 2015-03-23 07:11:27 ~ IP : 115.78.164.113 ----------
REQUEST URI : /bo-san-pham-trong-dau-tay-treo
MOD DETAILS:
   modFile   : /home/internet47/domains/muaban.internet47.net/public_html/vqmod/xml/vqmod_facebook_open_graph_tags.xml
   id        : Facebook Open Graph Tags
   version   : 1.0
   vqmver    : 2.3.2
   author    : MojeGalanterka.cz

File Name    : catalog/controller/common/header.php(0)
VQModObject::applyMod - SEARCH NOT FOUND (ABORTING MOD): $data['text_home'] = $language->get('text_home');
----------------------------------------------------------------------


---------- Date: 2015-03-23 07:12:50 ~ IP : 115.78.164.113 ----------
REQUEST URI : /bo-san-pham-trong-dau-tay-treo
MOD DETAILS:
   modFile   : /home/internet47/domains/muaban.internet47.net/public_html/vqmod/xml/vqmod_facebook_open_graph_tags.xml
   id        : Facebook Open Graph Tags
   version   : 1.0
   vqmver    : 2.3.2
   author    : MojeGalanterka.cz

File Name    : catalog/controller/common/header.php(0)
VQModObject::applyMod - SEARCH NOT FOUND (ABORTING MOD): $data['text_home'] = $language->get('text_home');
----------------------------------------------------------------------


---------- Date: 2015-03-23 07:13:29 ~ IP : 115.78.164.113 ----------
REQUEST URI : /bo-san-pham-trong-dau-tay-treo
MOD DETAILS:
   modFile   : /home/internet47/domains/muaban.internet47.net/public_html/vqmod/xml/vqmod_facebook_open_graph_tags.xml
   id        : Facebook Open Graph Tags
   version   : 1.0
   vqmver    : 2.3.2
   author    : MojeGalanterka.cz

File Name    : catalog/controller/common/header.php(0)
VQModObject::applyMod - SEARCH NOT FOUND (ABORTING MOD): $data['text_home'] = $language->get('text_home');
----------------------------------------------------------------------


---------- Date: 2015-03-23 07:13:46 ~ IP : 115.78.164.113 ----------
REQUEST URI : /bo-san-pham-trong-dau-tay-treo
MOD DETAILS:
   modFile   : /home/internet47/domains/muaban.internet47.net/public_html/vqmod/xml/vqmod_facebook_open_graph_tags.xml
   id        : Facebook Open Graph Tags
   version   : 1.0
   vqmver    : 2.3.2
   author    : MojeGalanterka.cz

File Name    : catalog/controller/common/header.php(0)
VQModObject::applyMod - SEARCH NOT FOUND (ABORTING MOD): $data['text_home'] = $language->get('text_home');
----------------------------------------------------------------------


---------- Date: 2015-03-23 07:14:00 ~ IP : 115.78.164.113 ----------
REQUEST URI : /bo-san-pham-trong-dau-tay-treo
MOD DETAILS:
   modFile   : /home/internet47/domains/muaban.internet47.net/public_html/vqmod/xml/vqmod_facebook_open_graph_tags.xml
   id        : Facebook Open Graph Tags
   version   : 1.0
   vqmver    : 2.3.2
   author    : MojeGalanterka.cz

File Name    : catalog/controller/common/header.php(0)
VQModObject::applyMod - SEARCH NOT FOUND (ABORTING MOD): $data['text_home'] = $language->get('text_home');
----------------------------------------------------------------------


---------- Date: 2015-03-23 07:15:43 ~ IP : 115.78.164.113 ----------
REQUEST URI : /bo-san-pham-trong-dau-tay-treo
MOD DETAILS:
   modFile   : /home/internet47/domains/muaban.internet47.net/public_html/vqmod/xml/vqmod_facebook_open_graph_tags.xml
   id        : Facebook Open Graph Tags
   version   : 1.0
   vqmver    : 2.3.2
   author    : MojeGalanterka.cz

File Name    : catalog/controller/common/header.php(1)
VQModObject::applyMod - SEARCH NOT FOUND (ABORTING MOD): $children = array(
----------------------------------------------------------------------


---------- Date: 2015-03-23 07:17:52 ~ IP : 115.78.164.113 ----------
REQUEST URI : /bo-san-pham-trong-dau-tay-treo
MOD DETAILS:
   modFile   : /home/internet47/domains/muaban.internet47.net/public_html/vqmod/xml/vqmod_facebook_open_graph_tags.xml
   id        : Facebook Open Graph Tags
   version   : 1.0
   vqmver    : 2.3.2
   author    : MojeGalanterka.cz

File Name    : catalog/controller/common/header.php(1)
VQModObject::applyMod - SEARCH NOT FOUND (ABORTING MOD): $this->children = array(
----------------------------------------------------------------------


